<?xml version="1.0" encoding="UTF-8"?>
<testng-results ignored="0" total="1" passed="1" failed="0" skipped="0">
  <reporter-output>
  </reporter-output>
  <suite started-at="2025-07-18T12:49:20 IST" name="Default suite" finished-at="2025-07-18T12:49:31 IST" duration-ms="10557">
    <groups>
    </groups>
    <test started-at="2025-07-18T12:49:20 IST" name="Default test" finished-at="2025-07-18T12:49:31 IST" duration-ms="10557">
      <class name="test.tests.ShopsyTest">
        <test-method is-config="true" signature="setup(org.testng.ITestContext)[pri:0, instance:test.tests.ShopsyTest@2898ac89]" started-at="2025-07-18T12:49:20 IST" name="setup" finished-at="2025-07-18T12:49:29 IST" duration-ms="8661" status="PASS">
          <params>
            <param index="0">
              <value>
                <![CDATA[org.testng.TestRunner@29629fbb]]>
              </value>
            </param>
          </params>
          <reporter-output>
          </reporter-output>
        </test-method> <!-- setup -->
        <test-method is-config="true" signature="login()[pri:0, instance:test.tests.ShopsyTest@2898ac89]" started-at="2025-07-18T12:49:29 IST" name="login" finished-at="2025-07-18T12:49:30 IST" duration-ms="968" status="PASS">
          <reporter-output>
          </reporter-output>
        </test-method> <!-- login -->
        <test-method signature="showInstitudesTest()[pri:1, instance:test.tests.ShopsyTest@2898ac89]" started-at="2025-07-18T12:49:30 IST" name="showInstitudesTest" finished-at="2025-07-18T12:49:30 IST" duration-ms="33" status="PASS">
          <reporter-output>
          </reporter-output>
        </test-method> <!-- showInstitudesTest -->
        <test-method is-config="true" signature="tearDown()[pri:0, instance:test.tests.ShopsyTest@2898ac89]" started-at="2025-07-18T12:49:30 IST" name="tearDown" finished-at="2025-07-18T12:49:31 IST" duration-ms="264" status="PASS">
          <reporter-output>
          </reporter-output>
        </test-method> <!-- tearDown -->
      </class> <!-- test.tests.ShopsyTest -->
    </test> <!-- Default test -->
  </suite> <!-- Default suite -->
</testng-results>
